{
  "stats": {
    "suites": 1,
    "tests": 1,
    "passes": 1,
    "pending": 0,
    "failures": 0,
    "start": "2020-12-25T08:46:58.391Z",
    "end": "2020-12-25T08:47:28.196Z",
    "duration": 29805,
    "testsRegistered": 1,
    "passPercent": 100,
    "pendingPercent": 0,
    "other": 0,
    "hasOther": false,
    "skipped": 0,
    "hasSkipped": false
  },
  "results": [
    {
      "uuid": "bdcc14fe-0efb-4773-bfd4-4bf89b82e04d",
      "title": "",
      "fullFile": "cypress\\integration\\jobs.spec.js",
      "file": "cypress\\integration\\jobs.spec.js",
      "beforeHooks": [],
      "afterHooks": [],
      "tests": [],
      "suites": [
        {
          "uuid": "02bf64b1-777f-4062-8749-e7fa10a3f671",
          "title": "Window",
          "fullFile": "",
          "file": "",
          "beforeHooks": [],
          "afterHooks": [],
          "tests": [
            {
              "title": "ทดสอบหน้า เมนู Jobs",
              "fullTitle": "Window ทดสอบหน้า เมนู Jobs",
              "timedOut": null,
              "duration": 28589,
              "state": "passed",
              "speed": "slow",
              "pass": true,
              "fail": false,
              "pending": false,
              "context": null,
              "code": "cy.wait(1000);\ncy.get('.header__HeaderStyle-dHeagC > :nth-child(1) > .sc-kEqYlL > :nth-child(1)').click();\ncy.wait(1000);\ncy.get(':nth-child(2) > [href=\"#\"]').click();\ncy.wait(2000);\ncy.get(':nth-child(2) > .menu-items > :nth-child(2) > a > .menu-title').click();\ncy.wait(2000);\ncy.get('body').click({\n  force: true\n});\ncy.wait(1000);\ncy.get('.sc-efHXLn > :nth-child(2)').click();\ncy.wait(2000);\ncy.get('.sc-efHXLn > :nth-child(3)').click();\ncy.wait(2000);\ncy.get('.sc-efHXLn > :nth-child(1)').click();\ncy.wait(2000);\ncy.get('.sc-dIvqjp > input').type('tid1001933', {\n  delay: 300\n});\ncy.get('[style=\"display: flex; align-items: center;\"] > .sc-bkbjAj').click();\ncy.wait(2000);\ncy.get('.sc-dIvqjp > input').clear('tid1001933');\ncy.get('[style=\"display: flex; align-items: center;\"] > .sc-bkbjAj').click();\ncy.wait(2000);\ncy.get('.sc-dIvqjp > input').type('อำเภอ', {\n  delay: 300\n});\ncy.get('[style=\"display: flex; align-items: center;\"] > .sc-bkbjAj').click();\ncy.wait(2000);",
              "err": {},
              "uuid": "beae4f10-508e-492b-a843-162bc825ca47",
              "parentUUID": "02bf64b1-777f-4062-8749-e7fa10a3f671",
              "isHook": false,
              "skipped": false
            }
          ],
          "suites": [],
          "passes": [
            "beae4f10-508e-492b-a843-162bc825ca47"
          ],
          "failures": [],
          "pending": [],
          "skipped": [],
          "duration": 28589,
          "root": false,
          "rootEmpty": false,
          "_timeout": 2000
        }
      ],
      "passes": [],
      "failures": [],
      "pending": [],
      "skipped": [],
      "duration": 0,
      "root": true,
      "rootEmpty": true,
      "_timeout": 2000
    }
  ],
  "meta": {
    "mocha": {
      "version": "7.0.1"
    },
    "mochawesome": {
      "options": {
        "quiet": false,
        "reportFilename": "mochawesome",
        "saveHtml": true,
        "saveJson": true,
        "consoleReporter": "spec",
        "useInlineDiffs": false,
        "code": true
      },
      "version": "6.2.1"
    },
    "marge": {
      "options": {
        "reportDir": "cypress/report/mochawesome-report",
        "overwrite": true,
        "html": true,
        "json": true,
        "timestamp": "mmddyyyy_HHMMss"
      },
      "version": "5.1.0"
    }
  }
}