{
  "stats": {
    "suites": 1,
    "tests": 1,
    "passes": 0,
    "pending": 0,
    "failures": 1,
    "start": "2021-06-23T07:22:40.083Z",
    "end": "2021-06-23T07:22:42.226Z",
    "duration": 2143,
    "testsRegistered": 1,
    "passPercent": 0,
    "pendingPercent": 0,
    "other": 0,
    "hasOther": false,
    "skipped": 0,
    "hasSkipped": false
  },
  "results": [
    {
      "uuid": "c53c5151-1bb6-4446-a138-5e9ee1be399f",
      "title": "",
      "fullFile": "cypress/integration/driver.spec.js",
      "file": "cypress/integration/driver.spec.js",
      "beforeHooks": [],
      "afterHooks": [],
      "tests": [],
      "suites": [
        {
          "uuid": "2bc2c278-de84-4197-a65b-2c2b0f825dbe",
          "title": "Window",
          "fullFile": "",
          "file": "",
          "beforeHooks": [],
          "afterHooks": [],
          "tests": [
            {
              "title": "ทดสอบหน้า เมนู Drivers",
              "fullTitle": "Window ทดสอบหน้า เมนู Drivers",
              "timedOut": null,
              "duration": 2051,
              "state": "failed",
              "speed": null,
              "pass": false,
              "fail": true,
              "pending": false,
              "context": null,
              "code": "cy.wait(1000);\ncy.get('.Header__HeaderStyle-hhdliK > :nth-child(1) > .sc-kEqYlL > :nth-child(1)').click();\ncy.wait(1000); // cy.get(':nth-child(3) > [href=\"#\"]').click();\n// cy.wait(2000);\ncy.get(':nth-child(3) > .menu-items > :nth-child(3) > a').click();\ncy.wait(2000);\ncy.get('.Header__HeaderStyle-hhdliK > :nth-child(1) > .sc-kEqYlL > :nth-child(1)').should('exist').click({\n  multiple: true\n});\ncy.wait(1000);\ncy.get('.sc-efHXLn > :nth-child(2)').click();\ncy.wait(2000);\ncy.get('.sc-efHXLn > :nth-child(3)').click();\ncy.wait(2000);\ncy.get('.sc-efHXLn > :nth-child(1)').click();\ncy.wait(2000);\ncy.get('.sc-dIvqjp > input').type('สมหญิง', {\n  delay: 300\n});\ncy.get('[style=\"display: flex; align-items: center;\"] > .sc-bkbjAj').click();\ncy.wait(2000);\ncy.get('.sc-dIvqjp > input').clear('สมหญิง');\ncy.get('[style=\"display: flex; align-items: center;\"] > .sc-bkbjAj').click();\ncy.wait(2000);\ncy.get('.sc-dIvqjp > input').type(' สวอนโลจิสติกส์', {\n  delay: 300\n});\ncy.get('[style=\"display: flex; align-items: center;\"] > .sc-bkbjAj').click();\ncy.wait(2000);\ncy.get('.sc-dIvqjp > input').clear(' สวอนโลจิสติกส์');\ncy.get('[style=\"display: flex; align-items: center;\"] > .sc-bkbjAj').click();\ncy.wait(2000);\ncy.get('.sc-dIvqjp > input').type('ซี', {\n  delay: 300\n});\ncy.get('[style=\"display: flex; align-items: center;\"] > .sc-bkbjAj').click();\ncy.wait(2000);\ncy.get('.sc-dIvqjp > input').clear('ซี');\ncy.get('[style=\"display: flex; align-items: center;\"] > .sc-bkbjAj').click();\ncy.wait(2000);\ncy.get('.sc-dIvqjp > input').type('อัพธาม', {\n  delay: 300\n});\ncy.get('[style=\"display: flex; align-items: center;\"] > .sc-bkbjAj').click();\ncy.wait(2000);\ncy.get('.sc-dIvqjp > input').clear('อัพธาม');\ncy.get('[style=\"display: flex; align-items: center;\"] > .sc-bkbjAj').click();\ncy.wait(2000);\ncy.get('.css-sqyeu9-ButtonBase > .css-1tl7tmz-ButtonBase > .sc-cBoprd').click();\ncy.wait(2000);\ncy.get('.css-sqyeu9-ButtonBase > .css-1tl7tmz-ButtonBase > .sc-cBoprd').click();\ncy.wait(2000);",
              "err": {
                "message": "CypressError: `cy.visit()` failed trying to load:\n\nhttp://localhost:8000/dashboard\n\nWe attempted to make an http request to this URL but the request failed without a response.\n\nWe received this error at the network level:\n\n  > Error: connect ECONNREFUSED 127.0.0.1:8000\n\nCommon situations why this would fail:\n  - you don't have internet access\n  - you forgot to run / boot your web server\n  - your web server isn't accessible\n  - you have weird network configuration settings on your computer\n\nBecause this error occurred during a `before each` hook we are skipping the remaining tests in the current suite: `Window`",
                "estack": "CypressError: `cy.visit()` failed trying to load:\n\nhttp://localhost:8000/dashboard\n\nWe attempted to make an http request to this URL but the request failed without a response.\n\nWe received this error at the network level:\n\n  > Error: connect ECONNREFUSED 127.0.0.1:8000\n\nCommon situations why this would fail:\n  - you don't have internet access\n  - you forgot to run / boot your web server\n  - your web server isn't accessible\n  - you have weird network configuration settings on your computer\n\nBecause this error occurred during a `before each` hook we are skipping the remaining tests in the current suite: `Window`\n    at http://localhost:56961/__cypress/runner/cypress_runner.js:138905:23\n    at visitFailedByErr (http://localhost:56961/__cypress/runner/cypress_runner.js:138264:12)\n    at http://localhost:56961/__cypress/runner/cypress_runner.js:138904:11\n    at tryCatcher (http://localhost:56961/__cypress/runner/cypress_runner.js:10798:23)\n    at Promise._settlePromiseFromHandler (http://localhost:56961/__cypress/runner/cypress_runner.js:8733:31)\n    at Promise._settlePromise (http://localhost:56961/__cypress/runner/cypress_runner.js:8790:18)\n    at Promise._settlePromise0 (http://localhost:56961/__cypress/runner/cypress_runner.js:8835:10)\n    at Promise._settlePromises (http://localhost:56961/__cypress/runner/cypress_runner.js:8911:18)\n    at _drainQueueStep (http://localhost:56961/__cypress/runner/cypress_runner.js:5505:12)\n    at _drainQueue (http://localhost:56961/__cypress/runner/cypress_runner.js:5498:9)\n    at Async.../../node_modules/bluebird/js/release/async.js.Async._drainQueues (http://localhost:56961/__cypress/runner/cypress_runner.js:5514:5)\n    at Async.drainQueues (http://localhost:56961/__cypress/runner/cypress_runner.js:5384:14)\nFrom Your Spec Code:\n    at Context.eval (http://localhost:56961/__cypress/tests?p=cypress/integration/driver.spec.js:102:8)\n\nFrom Node.js Internals:\n  Error: connect ECONNREFUSED 127.0.0.1:8000\n      at TCPConnectWrap.afterConnect [as oncomplete] (net.js:1146:16)\n  ",
                "diff": null
              },
              "uuid": "c787f280-54fa-499a-8d46-c24b0964a85b",
              "parentUUID": "2bc2c278-de84-4197-a65b-2c2b0f825dbe",
              "isHook": false,
              "skipped": false
            }
          ],
          "suites": [],
          "passes": [],
          "failures": [
            "c787f280-54fa-499a-8d46-c24b0964a85b"
          ],
          "pending": [],
          "skipped": [],
          "duration": 2051,
          "root": false,
          "rootEmpty": false,
          "_timeout": 2000
        }
      ],
      "passes": [],
      "failures": [],
      "pending": [],
      "skipped": [],
      "duration": 0,
      "root": true,
      "rootEmpty": true,
      "_timeout": 2000
    }
  ],
  "meta": {
    "mocha": {
      "version": "7.0.1"
    },
    "mochawesome": {
      "options": {
        "quiet": false,
        "reportFilename": "mochawesome",
        "saveHtml": true,
        "saveJson": true,
        "consoleReporter": "spec",
        "useInlineDiffs": false,
        "code": true
      },
      "version": "6.2.1"
    },
    "marge": {
      "options": {
        "reportDir": "cypress/report/mochawesome-report",
        "overwrite": true,
        "html": true,
        "json": true,
        "timestamp": "mmddyyyy_HHMMss"
      },
      "version": "5.1.0"
    }
  }
}