{
  "stats": {
    "suites": 1,
    "tests": 1,
    "passes": 1,
    "pending": 0,
    "failures": 0,
    "start": "2020-12-25T08:50:34.457Z",
    "end": "2020-12-25T08:51:51.334Z",
    "duration": 76877,
    "testsRegistered": 1,
    "passPercent": 100,
    "pendingPercent": 0,
    "other": 0,
    "hasOther": false,
    "skipped": 0,
    "hasSkipped": false
  },
  "results": [
    {
      "uuid": "df6c3872-60ee-458f-bdf5-f3541ece8c08",
      "title": "",
      "fullFile": "cypress\\integration\\trucks.spec.js",
      "file": "cypress\\integration\\trucks.spec.js",
      "beforeHooks": [],
      "afterHooks": [],
      "tests": [],
      "suites": [
        {
          "uuid": "f7194c5e-260b-472f-8ac4-546ce0da7dca",
          "title": "Window",
          "fullFile": "",
          "file": "",
          "beforeHooks": [],
          "afterHooks": [],
          "tests": [
            {
              "title": "ทดสอบหน้า เมนู Trucks",
              "fullTitle": "Window ทดสอบหน้า เมนู Trucks",
              "timedOut": null,
              "duration": 75589,
              "state": "passed",
              "speed": "slow",
              "pass": true,
              "fail": false,
              "pending": false,
              "context": null,
              "code": "cy.wait(1000);\ncy.get('.header__HeaderStyle-dHeagC > :nth-child(1) > .sc-kEqYlL > :nth-child(1)').click();\ncy.wait(1000);\ncy.get(':nth-child(3) > [href=\"#\"]').click();\ncy.wait(2000);\ncy.get(':nth-child(3) > .menu-items > :nth-child(2) > a > .menu-title').click();\ncy.wait(2000);\ncy.get('body').click({\n  force: true\n});\ncy.wait(1000);\ncy.get('.sc-efHXLn > :nth-child(2)').click();\ncy.wait(2000);\ncy.get('.sc-efHXLn > :nth-child(3)').click();\ncy.wait(2000);\ncy.get('.sc-efHXLn > :nth-child(1)').click();\ncy.wait(2000);\ncy.get('.sc-dIvqjp > input').type('hino', {\n  delay: 300\n});\ncy.get('[style=\"display: flex; align-items: center;\"] > .sc-bkbjAj').click();\ncy.wait(2000);\ncy.get('.sc-dIvqjp > input').clear('hino');\ncy.get('[style=\"display: flex; align-items: center;\"] > .sc-bkbjAj').click();\ncy.wait(2000);\ncy.get('.sc-dIvqjp > input').type('ISUZU', {\n  delay: 300\n});\ncy.get('[style=\"display: flex; align-items: center;\"] > .sc-bkbjAj').click();\ncy.wait(2000);\ncy.get('.sc-dIvqjp > input').clear('ISUZU');\ncy.get('[style=\"display: flex; align-items: center;\"] > .sc-bkbjAj').click();\ncy.wait(2000);\ncy.get('.sc-dIvqjp > input').type('SCANIA', {\n  delay: 300\n});\ncy.get('[style=\"display: flex; align-items: center;\"] > .sc-bkbjAj').click();\ncy.wait(2000);\ncy.get('.sc-dIvqjp > input').clear('SCANIA');\ncy.get('[style=\"display: flex; align-items: center;\"] > .sc-bkbjAj').click();\ncy.wait(2000);\ncy.get('.sc-dIvqjp > input').type('ขอนแก่น', {\n  delay: 300\n});\ncy.get('[style=\"display: flex; align-items: center;\"] > .sc-bkbjAj').click();\ncy.wait(2000);\ncy.get('.sc-dIvqjp > input').clear('ขอนแก่น');\ncy.get('[style=\"display: flex; align-items: center;\"] > .sc-bkbjAj').click();\ncy.wait(2000);\ncy.get('.sc-dIvqjp > input').type('นครราชสีมา', {\n  delay: 300\n});\ncy.get('[style=\"display: flex; align-items: center;\"] > .sc-bkbjAj').click();\ncy.wait(2000);\ncy.get('.sc-dIvqjp > input').clear('นครราชสีมา');\ncy.get('[style=\"display: flex; align-items: center;\"] > .sc-bkbjAj').click();\ncy.wait(2000);\ncy.get('.sc-dIvqjp > input').type('กรุงเทพ', {\n  delay: 300\n});\ncy.get('[style=\"display: flex; align-items: center;\"] > .sc-bkbjAj').click();\ncy.wait(2000);\ncy.get('.sc-dIvqjp > input').clear('กรุงเทพ');\ncy.get('[style=\"display: flex; align-items: center;\"] > .sc-bkbjAj').click();\ncy.wait(2000);\ncy.get('.sc-dIvqjp > input').type('ซี', {\n  delay: 300\n});\ncy.get('[style=\"display: flex; align-items: center;\"] > .sc-bkbjAj').click();\ncy.wait(2000);\ncy.get('.sc-dIvqjp > input').clear('ซี');\ncy.get('[style=\"display: flex; align-items: center;\"] > .sc-bkbjAj').click();\ncy.wait(2000);\ncy.get('.sc-dIvqjp > input').type('อัพธาม', {\n  delay: 300\n});\ncy.get('[style=\"display: flex; align-items: center;\"] > .sc-bkbjAj').click();\ncy.wait(2000);\ncy.get('.sc-dIvqjp > input').clear('อัพธาม');\ncy.get('[style=\"display: flex; align-items: center;\"] > .sc-bkbjAj').click();\ncy.wait(2000);\ncy.get('.css-sqyeu9-ButtonBase > .css-1tl7tmz-ButtonBase > .sc-cBoprd').click();\ncy.wait(2000);\ncy.get('.css-sqyeu9-ButtonBase > .css-1tl7tmz-ButtonBase > .sc-cBoprd').click();\ncy.wait(2000);",
              "err": {},
              "uuid": "d40783b1-af67-459f-a4e3-5a78ebf31a24",
              "parentUUID": "f7194c5e-260b-472f-8ac4-546ce0da7dca",
              "isHook": false,
              "skipped": false
            }
          ],
          "suites": [],
          "passes": [
            "d40783b1-af67-459f-a4e3-5a78ebf31a24"
          ],
          "failures": [],
          "pending": [],
          "skipped": [],
          "duration": 75589,
          "root": false,
          "rootEmpty": false,
          "_timeout": 2000
        }
      ],
      "passes": [],
      "failures": [],
      "pending": [],
      "skipped": [],
      "duration": 0,
      "root": true,
      "rootEmpty": true,
      "_timeout": 2000
    }
  ],
  "meta": {
    "mocha": {
      "version": "7.0.1"
    },
    "mochawesome": {
      "options": {
        "quiet": false,
        "reportFilename": "mochawesome",
        "saveHtml": true,
        "saveJson": true,
        "consoleReporter": "spec",
        "useInlineDiffs": false,
        "code": true
      },
      "version": "6.2.1"
    },
    "marge": {
      "options": {
        "reportDir": "cypress/report/mochawesome-report",
        "overwrite": true,
        "html": true,
        "json": true,
        "timestamp": "mmddyyyy_HHMMss"
      },
      "version": "5.1.0"
    }
  }
}