{
  "stats": {
    "suites": 1,
    "tests": 6,
    "passes": 6,
    "pending": 0,
    "failures": 0,
    "start": "2020-12-25T08:47:32.837Z",
    "end": "2020-12-25T08:48:54.711Z",
    "duration": 81874,
    "testsRegistered": 6,
    "passPercent": 100,
    "pendingPercent": 0,
    "other": 0,
    "hasOther": false,
    "skipped": 0,
    "hasSkipped": false
  },
  "results": [
    {
      "uuid": "2e0b2dae-0509-46d8-b095-d6239311adec",
      "title": "",
      "fullFile": "cypress\\integration\\login.spec.js",
      "file": "cypress\\integration\\login.spec.js",
      "beforeHooks": [],
      "afterHooks": [],
      "tests": [],
      "suites": [
        {
          "uuid": "0c44c5b3-0e43-48f7-a07a-81197c596e64",
          "title": "Window",
          "fullFile": "",
          "file": "",
          "beforeHooks": [],
          "afterHooks": [],
          "tests": [
            {
              "title": "ทดสอบการไม่กรอก รหัสผ่าน",
              "fullTitle": "Window ทดสอบการไม่กรอก รหัสผ่าน",
              "timedOut": null,
              "duration": 7748,
              "state": "passed",
              "speed": "slow",
              "pass": true,
              "fail": false,
              "pending": false,
              "context": null,
              "code": "cy.wait(1000);\ncy.get('form > :nth-child(1) > input').type('+660474572889', {\n  delay: 200\n});\ncy.get('.sc-bkbjAj').click();\ncy.get('.custom-checkbox');\ncy.get('h1').should('contain', 'Login');\ncy.wait(2000);",
              "err": {},
              "uuid": "be866feb-afb4-4d9b-8825-55af0e58d593",
              "parentUUID": "0c44c5b3-0e43-48f7-a07a-81197c596e64",
              "isHook": false,
              "skipped": false
            },
            {
              "title": "ทดสอบการไม่กรอก เบอร์โทร",
              "fullTitle": "Window ทดสอบการไม่กรอก เบอร์โทร",
              "timedOut": null,
              "duration": 6252,
              "state": "passed",
              "speed": "slow",
              "pass": true,
              "fail": false,
              "pending": false,
              "context": null,
              "code": "cy.wait(1000);\ncy.get(':nth-child(2) > input').type('230240wewe', {\n  delay: 200\n});\ncy.get('.sc-bkbjAj').click().click();\ncy.get('h1').should('contain', 'Login');\ncy.wait(2000);",
              "err": {},
              "uuid": "952a168f-ae48-40e3-81bd-ea393326e7f1",
              "parentUUID": "0c44c5b3-0e43-48f7-a07a-81197c596e64",
              "isHook": false,
              "skipped": false
            },
            {
              "title": "ทดสอบการไม่กรอก เบอร์โทร และ รหัสผ่าน",
              "fullTitle": "Window ทดสอบการไม่กรอก เบอร์โทร และ รหัสผ่าน",
              "timedOut": null,
              "duration": 5235,
              "state": "passed",
              "speed": "slow",
              "pass": true,
              "fail": false,
              "pending": false,
              "context": null,
              "code": "cy.wait(1000);\ncy.get('.sc-bkbjAj').click().click();\ncy.wait(3000);",
              "err": {},
              "uuid": "241c6cb2-593e-406f-b2a1-12814b9017e2",
              "parentUUID": "0c44c5b3-0e43-48f7-a07a-81197c596e64",
              "isHook": false,
              "skipped": false
            },
            {
              "title": "ทดสอบการกรอก รหัสผ่าน ผิด",
              "fullTitle": "Window ทดสอบการกรอก รหัสผ่าน ผิด",
              "timedOut": null,
              "duration": 9556,
              "state": "passed",
              "speed": "slow",
              "pass": true,
              "fail": false,
              "pending": false,
              "context": null,
              "code": "cy.wait(1000);\ncy.get('form > :nth-child(1) > input').type('+660474572889', {\n  delay: 200\n});\ncy.get(':nth-child(2) > input').type('Tham1234', {\n  delay: 200\n});\ncy.get('.sc-bkbjAj').click();\ncy.wait(2000);\ncy.get('.swal2-confirm').click();\ncy.wait(1000);",
              "err": {},
              "uuid": "4900a304-9365-4650-98fb-5af05852d775",
              "parentUUID": "0c44c5b3-0e43-48f7-a07a-81197c596e64",
              "isHook": false,
              "skipped": false
            },
            {
              "title": "ทดสอบการกรอก เบอร์โทร ผิด",
              "fullTitle": "Window ทดสอบการกรอก เบอร์โทร ผิด",
              "timedOut": null,
              "duration": 10269,
              "state": "passed",
              "speed": "slow",
              "pass": true,
              "fail": false,
              "pending": false,
              "context": null,
              "code": "cy.wait(1000);\ncy.get('form > :nth-child(1) > input').type('+66047457288', {\n  delay: 200\n});\ncy.get(':nth-child(2) > input').type('Tham12345', {\n  delay: 200\n});\ncy.get('.sc-bkbjAj').click();\ncy.wait(2000);\ncy.get('.swal2-confirm').click();\ncy.wait(1000);",
              "err": {},
              "uuid": "6778c28f-7535-4000-80e1-92751284ae72",
              "parentUUID": "0c44c5b3-0e43-48f7-a07a-81197c596e64",
              "isHook": false,
              "skipped": false
            },
            {
              "title": "ล็อคอินสำเร็จ ทดสอบเลือกเมนู และเลือกภาษา",
              "fullTitle": "Window ล็อคอินสำเร็จ ทดสอบเลือกเมนู และเลือกภาษา",
              "timedOut": null,
              "duration": 41194,
              "state": "passed",
              "speed": "slow",
              "pass": true,
              "fail": false,
              "pending": false,
              "context": null,
              "code": "cy.get('form > :nth-child(1) > input').type('+660474572889', {\n  delay: 200\n});\ncy.get(':nth-child(2) > input').type('Tham12345', {\n  delay: 200\n});\ncy.get('.sc-bkbjAj').click();\ncy.wait(2000);\ncy.get('.header__HeaderStyle-dHeagC > :nth-child(1) > .sc-kEqYlL > :nth-child(1)').click();\ncy.wait(2000);\ncy.get(':nth-child(2) > [href=\"#\"]').click();\ncy.wait(2000);\ncy.get(':nth-child(2) > .menu-items > :nth-child(1) > a').click();\ncy.wait(2000);\ncy.get(':nth-child(2) > .menu-items > :nth-child(2) > a').click();\ncy.wait(2000);\ncy.get(':nth-child(3) > [href=\"#\"]').click();\ncy.wait(2000);\ncy.get(':nth-child(3) > .menu-items > :nth-child(1) > a').click();\ncy.wait(2000);\ncy.get(':nth-child(3) > .menu-items > :nth-child(2) > a').click();\ncy.wait(2000);\ncy.get(':nth-child(3) > .menu-items > :nth-child(3) > a').click();\ncy.wait(2000);\ncy.get(':nth-child(4) > a').click();\ncy.wait(2000);\ncy.get('.sc-bdnylx > :nth-child(1) > :nth-child(1) > a').click();\ncy.wait(2000);\ncy.get('#mui-component-select-language').click();\ncy.wait(2000);\ncy.get('.MuiList-root > [tabindex=\"-1\"]').click();\ncy.wait(2000);\ncy.get('#mui-component-select-language').click();\ncy.wait(2000);\ncy.get('.MuiList-root > [tabindex=\"-1\"]').click();\ncy.wait(2000);",
              "err": {},
              "uuid": "f0eb40ba-eac0-482b-9e76-1ba74cd601a0",
              "parentUUID": "0c44c5b3-0e43-48f7-a07a-81197c596e64",
              "isHook": false,
              "skipped": false
            }
          ],
          "suites": [],
          "passes": [
            "be866feb-afb4-4d9b-8825-55af0e58d593",
            "952a168f-ae48-40e3-81bd-ea393326e7f1",
            "241c6cb2-593e-406f-b2a1-12814b9017e2",
            "4900a304-9365-4650-98fb-5af05852d775",
            "6778c28f-7535-4000-80e1-92751284ae72",
            "f0eb40ba-eac0-482b-9e76-1ba74cd601a0"
          ],
          "failures": [],
          "pending": [],
          "skipped": [],
          "duration": 80254,
          "root": false,
          "rootEmpty": false,
          "_timeout": 2000
        }
      ],
      "passes": [],
      "failures": [],
      "pending": [],
      "skipped": [],
      "duration": 0,
      "root": true,
      "rootEmpty": true,
      "_timeout": 2000
    }
  ],
  "meta": {
    "mocha": {
      "version": "7.0.1"
    },
    "mochawesome": {
      "options": {
        "quiet": false,
        "reportFilename": "mochawesome",
        "saveHtml": true,
        "saveJson": true,
        "consoleReporter": "spec",
        "useInlineDiffs": false,
        "code": true
      },
      "version": "6.2.1"
    },
    "marge": {
      "options": {
        "reportDir": "cypress/report/mochawesome-report",
        "overwrite": true,
        "html": true,
        "json": true,
        "timestamp": "mmddyyyy_HHMMss"
      },
      "version": "5.1.0"
    }
  }
}