{
  "stats": {
    "suites": 1,
    "tests": 1,
    "passes": 1,
    "pending": 0,
    "failures": 0,
    "start": "2020-12-25T08:45:03.454Z",
    "end": "2020-12-25T08:45:53.974Z",
    "duration": 50520,
    "testsRegistered": 1,
    "passPercent": 100,
    "pendingPercent": 0,
    "other": 0,
    "hasOther": false,
    "skipped": 0,
    "hasSkipped": false
  },
  "results": [
    {
      "uuid": "e4bbae78-3570-4225-91dc-0841031cccf2",
      "title": "",
      "fullFile": "cypress\\integration\\Carrier.spec.js",
      "file": "cypress\\integration\\Carrier.spec.js",
      "beforeHooks": [],
      "afterHooks": [],
      "tests": [],
      "suites": [
        {
          "uuid": "9b8abcd9-63b0-4dcd-8dab-f3cb44b99868",
          "title": "Window",
          "fullFile": "",
          "file": "",
          "beforeHooks": [],
          "afterHooks": [],
          "tests": [
            {
              "title": "ทดสอบหน้า เมนู Carrier account",
              "fullTitle": "Window ทดสอบหน้า เมนู Carrier account",
              "timedOut": null,
              "duration": 48699,
              "state": "passed",
              "speed": "slow",
              "pass": true,
              "fail": false,
              "pending": false,
              "context": null,
              "code": "cy.wait(1000);\ncy.get('.header__HeaderStyle-dHeagC > :nth-child(1) > .sc-kEqYlL > :nth-child(1)').click();\ncy.wait(1000);\ncy.get(':nth-child(3) > [href=\"#\"]').click();\ncy.wait(2000);\ncy.get(':nth-child(3) > .menu-items > :nth-child(1) > a > .menu-title').click();\ncy.wait(2000);\ncy.get('body').click({\n  force: true\n});\ncy.wait(2000);\ncy.get('.sc-efHXLn > :nth-child(2)').click();\ncy.wait(2000);\ncy.get('.sc-efHXLn > :nth-child(3)').click();\ncy.wait(2000);\ncy.get('.Lnyfd').click();\ncy.wait(2000);\ncy.get('.sc-dIvqjp > input').type('777', {\n  delay: 300\n});\ncy.get('[style=\"display: flex; align-items: center;\"] > .sc-bkbjAj').click();\ncy.wait(2000);\ncy.get('.sc-dIvqjp > input').clear('777');\ncy.get('[style=\"display: flex; align-items: center;\"] > .sc-bkbjAj').click();\ncy.wait(2000);\ncy.get('.sc-dIvqjp > input').type('Individual', {\n  delay: 300\n});\ncy.get('[style=\"display: flex; align-items: center;\"] > .sc-bkbjAj').click();\ncy.wait(2000);\ncy.get('.sc-dIvqjp > input').clear('Individual');\ncy.get('[style=\"display: flex; align-items: center;\"] > .sc-bkbjAj').click();\ncy.wait(2000);\ncy.get('.sc-dIvqjp > input').type('Company', {\n  delay: 300\n});\ncy.get('[style=\"display: flex; align-items: center;\"] > .sc-bkbjAj').click();\ncy.wait(2000);\ncy.get('.sc-dIvqjp > input').clear('Company');\ncy.get('[style=\"display: flex; align-items: center;\"] > .sc-bkbjAj').click();\ncy.wait(2000);\ncy.get('[page=\"1\"]').click();\ncy.wait(2000);\ncy.get('[page=\"2\"]').click();\ncy.wait(2000);\ncy.get('[page=\"3\"]').click();\ncy.wait(2000);\ncy.get('[page=\"1\"]').click();\ncy.wait(2000);",
              "err": {},
              "uuid": "8652a1cc-2d58-4306-8e77-4e6f4bdff0ab",
              "parentUUID": "9b8abcd9-63b0-4dcd-8dab-f3cb44b99868",
              "isHook": false,
              "skipped": false
            }
          ],
          "suites": [],
          "passes": [
            "8652a1cc-2d58-4306-8e77-4e6f4bdff0ab"
          ],
          "failures": [],
          "pending": [],
          "skipped": [],
          "duration": 48699,
          "root": false,
          "rootEmpty": false,
          "_timeout": 2000
        }
      ],
      "passes": [],
      "failures": [],
      "pending": [],
      "skipped": [],
      "duration": 0,
      "root": true,
      "rootEmpty": true,
      "_timeout": 2000
    }
  ],
  "meta": {
    "mocha": {
      "version": "7.0.1"
    },
    "mochawesome": {
      "options": {
        "quiet": false,
        "reportFilename": "mochawesome",
        "saveHtml": true,
        "saveJson": true,
        "consoleReporter": "spec",
        "useInlineDiffs": false,
        "code": true
      },
      "version": "6.2.1"
    },
    "marge": {
      "options": {
        "reportDir": "cypress/report/mochawesome-report",
        "overwrite": true,
        "html": true,
        "json": true,
        "timestamp": "mmddyyyy_HHMMss"
      },
      "version": "5.1.0"
    }
  }
}