{
  "stats": {
    "suites": 1,
    "tests": 1,
    "passes": 0,
    "pending": 0,
    "failures": 1,
    "start": "2021-06-23T07:22:19.788Z",
    "end": "2021-06-23T07:22:21.931Z",
    "duration": 2143,
    "testsRegistered": 2,
    "passPercent": 0,
    "pendingPercent": 0,
    "other": 0,
    "hasOther": false,
    "skipped": 1,
    "hasSkipped": true
  },
  "results": [
    {
      "uuid": "67ceeb9a-ba56-4b9a-8875-ce3866f91eda",
      "title": "",
      "fullFile": "cypress/integration/addTruck.spec.js",
      "file": "cypress/integration/addTruck.spec.js",
      "beforeHooks": [],
      "afterHooks": [],
      "tests": [],
      "suites": [
        {
          "uuid": "18231c51-8ed4-482e-8fc2-0a707b988c54",
          "title": "Window",
          "fullFile": "",
          "file": "",
          "beforeHooks": [],
          "afterHooks": [],
          "tests": [
            {
              "title": "",
              "fullTitle": "Window ",
              "timedOut": null,
              "duration": 2087,
              "state": "failed",
              "speed": null,
              "pass": false,
              "fail": true,
              "pending": false,
              "context": null,
              "code": "// cy.get('#phoneNumber').type('+660474572889', { delay: 200 });\n    // cy.get('#password').type('Tham12345', { delay: 200 });\n    // cy.get('.text').contains('จดจำฉัน').click();\n    // cy.get('#login').click();\n    // cy.url().should('include', 'http://localhost:8000/dashboard');\n    // cy.wait(3000);\n    // cy.get('#actions-menu').click();\n    // cy.wait(1000);\n    // cy.get('li').eq(6).click();\n    // cy.url().should('include', 'http://localhost:8000/trucks');\n    // cy.wait(2000);\n    // cy.get('#actions-menu').should('exist').click({ multiple: true });\n    // cy.wait(1000);\n    // cy.get('#addNewTruck').click();\n    // cy.wait(2000);",
              "err": {
                "message": "CypressError: `cy.request()` failed trying to load:\n\nhttp://localhost:8000/api/mobile/v1/auth/login\n\nWe attempted to make an http request to this URL but the request failed without a response.\n\nWe received this error at the network level:\n\n  > Error: connect ECONNREFUSED 127.0.0.1:8000\n\n-----------------------------------------------------------\n\nThe request we sent was:\n\nMethod: POST\nURL: http://localhost:8000/api/mobile/v1/auth/login\n\n-----------------------------------------------------------\n\nCommon situations why this would fail:\n  - you don't have internet access\n  - you forgot to run / boot your web server\n  - your web server isn't accessible\n  - you have weird network configuration settings on your computer\n\nhttps://on.cypress.io/request\n\nBecause this error occurred during a `before all` hook we are skipping the remaining tests in the current suite: `Window`",
                "estack": "CypressError: `cy.request()` failed trying to load:\n\nhttp://localhost:8000/api/mobile/v1/auth/login\n\nWe attempted to make an http request to this URL but the request failed without a response.\n\nWe received this error at the network level:\n\n  > Error: connect ECONNREFUSED 127.0.0.1:8000\n\n-----------------------------------------------------------\n\nThe request we sent was:\n\nMethod: POST\nURL: http://localhost:8000/api/mobile/v1/auth/login\n\n-----------------------------------------------------------\n\nCommon situations why this would fail:\n  - you don't have internet access\n  - you forgot to run / boot your web server\n  - your web server isn't accessible\n  - you have weird network configuration settings on your computer\n\nhttps://on.cypress.io/request\n\nBecause this error occurred during a `before all` hook we are skipping the remaining tests in the current suite: `Window`\n    at http://localhost:56961/__cypress/runner/cypress_runner.js:140166:19\n    at tryCatcher (http://localhost:56961/__cypress/runner/cypress_runner.js:10798:23)\n    at http://localhost:56961/__cypress/runner/cypress_runner.js:5937:37\n    at tryCatcher (http://localhost:56961/__cypress/runner/cypress_runner.js:10798:23)\n    at Promise._settlePromiseFromHandler (http://localhost:56961/__cypress/runner/cypress_runner.js:8733:31)\n    at Promise._settlePromise (http://localhost:56961/__cypress/runner/cypress_runner.js:8790:18)\n    at Promise._settlePromise0 (http://localhost:56961/__cypress/runner/cypress_runner.js:8835:10)\n    at Promise._settlePromises (http://localhost:56961/__cypress/runner/cypress_runner.js:8911:18)\n    at _drainQueueStep (http://localhost:56961/__cypress/runner/cypress_runner.js:5505:12)\n    at _drainQueue (http://localhost:56961/__cypress/runner/cypress_runner.js:5498:9)\n    at Async.../../node_modules/bluebird/js/release/async.js.Async._drainQueues (http://localhost:56961/__cypress/runner/cypress_runner.js:5514:5)\n    at Async.drainQueues (http://localhost:56961/__cypress/runner/cypress_runner.js:5384:14)\nFrom Your Spec Code:\n    at Context.eval (http://localhost:56961/__cypress/tests?p=cypress/integration/addTruck.spec.js:627:8)\n\nFrom Node.js Internals:\n  RequestError: Error: connect ECONNREFUSED 127.0.0.1:8000\n      at new RequestError (/Users/katanyoo/Library/Caches/Cypress/7.5.0/Cypress.app/Contents/Resources/app/packages/server/node_modules/request-promise-core/lib/errors.js:14:15)\n      at Request.plumbing.callback (/Users/katanyoo/Library/Caches/Cypress/7.5.0/Cypress.app/Contents/Resources/app/packages/server/node_modules/request-promise-core/lib/plumbing.js:87:29)\n      at Request.RP$callback [as _callback] (/Users/katanyoo/Library/Caches/Cypress/7.5.0/Cypress.app/Contents/Resources/app/packages/server/node_modules/request-promise-core/lib/plumbing.js:46:31)\n      at self.callback (/Users/katanyoo/Library/Caches/Cypress/7.5.0/Cypress.app/Contents/Resources/app/packages/server/node_modules/@cypress/request/request.js:185:22)\n      at Request.emit (events.js:315:20)\n      at Request.onRequestError (/Users/katanyoo/Library/Caches/Cypress/7.5.0/Cypress.app/Contents/Resources/app/packages/server/node_modules/@cypress/request/request.js:877:8)\n      at ClientRequest.emit (events.js:327:22)\n      at Socket.socketErrorListener (_http_client.js:469:9)\n      at Socket.emit (events.js:315:20)\n      at emitErrorNT (internal/streams/destroy.js:106:8)\n      at emitErrorCloseNT (internal/streams/destroy.js:74:3)\n      at processTicksAndRejections (internal/process/task_queues.js:80:21)\n  ",
                "diff": null
              },
              "uuid": "dc331d33-4a84-43fc-bdf8-8726dc1b5095",
              "parentUUID": "18231c51-8ed4-482e-8fc2-0a707b988c54",
              "isHook": false,
              "skipped": false
            },
            {
              "title": "ทดสอบกรอกข้อมูลครบถ้วน",
              "fullTitle": "Window ทดสอบกรอกข้อมูลครบถ้วน",
              "timedOut": null,
              "duration": 0,
              "state": "skipped",
              "speed": null,
              "pass": false,
              "fail": false,
              "pending": false,
              "context": null,
              "code": "// cy.wait(2000);\n    // cy.get('#file-upload-front').attachFile('Truck1.png');\n    // cy.wait(2000);\n    // cy.get('#file-upload-back').attachFile('Truck2.png');\n    // cy.wait(2000);\n    // cy.get('#file-upload-left').attachFile('Truck3.png');\n    // cy.wait(2000);\n    // cy.get('#file-upload-right').attachFile('Truck4.png');\n    // cy.wait(2000);\n    // cy.get('#stallHeight').click().contains('สูง').click();\n    // cy.wait(2000);\n    // cy.get('#region').click().contains('ทั่วประเทศ').click();\n    // cy.wait(2000);",
              "err": {},
              "uuid": "154fcbee-7020-4387-a25a-f61bf063ee26",
              "parentUUID": "18231c51-8ed4-482e-8fc2-0a707b988c54",
              "isHook": false,
              "skipped": true
            }
          ],
          "suites": [],
          "passes": [],
          "failures": [
            "dc331d33-4a84-43fc-bdf8-8726dc1b5095"
          ],
          "pending": [],
          "skipped": [
            "154fcbee-7020-4387-a25a-f61bf063ee26"
          ],
          "duration": 2087,
          "root": false,
          "rootEmpty": false,
          "_timeout": 2000
        }
      ],
      "passes": [],
      "failures": [],
      "pending": [],
      "skipped": [],
      "duration": 0,
      "root": true,
      "rootEmpty": true,
      "_timeout": 2000
    }
  ],
  "meta": {
    "mocha": {
      "version": "7.0.1"
    },
    "mochawesome": {
      "options": {
        "quiet": false,
        "reportFilename": "mochawesome",
        "saveHtml": true,
        "saveJson": true,
        "consoleReporter": "spec",
        "useInlineDiffs": false,
        "code": true
      },
      "version": "6.2.1"
    },
    "marge": {
      "options": {
        "reportDir": "cypress/report/mochawesome-report",
        "overwrite": true,
        "html": true,
        "json": true,
        "timestamp": "mmddyyyy_HHMMss"
      },
      "version": "5.1.0"
    }
  }
}