{
  "stats": {
    "suites": 1,
    "tests": 1,
    "passes": 0,
    "pending": 0,
    "failures": 1,
    "start": "2021-06-23T07:23:31.187Z",
    "end": "2021-06-23T07:23:33.581Z",
    "duration": 2394,
    "testsRegistered": 6,
    "passPercent": 0,
    "pendingPercent": 0,
    "other": 0,
    "hasOther": false,
    "skipped": 5,
    "hasSkipped": true
  },
  "results": [
    {
      "uuid": "7c540f32-8079-4de3-87dc-676da42ef522",
      "title": "",
      "fullFile": "cypress/integration/login.spec.js",
      "file": "cypress/integration/login.spec.js",
      "beforeHooks": [],
      "afterHooks": [],
      "tests": [],
      "suites": [
        {
          "uuid": "17dd5c83-9e3e-4501-887a-96ffbc17817e",
          "title": "Window",
          "fullFile": "",
          "file": "",
          "beforeHooks": [],
          "afterHooks": [],
          "tests": [
            {
              "title": "ทดสอบการไม่กรอก รหัสผ่าน",
              "fullTitle": "Window ทดสอบการไม่กรอก รหัสผ่าน",
              "timedOut": null,
              "duration": 2304,
              "state": "failed",
              "speed": null,
              "pass": false,
              "fail": true,
              "pending": false,
              "context": null,
              "code": "cy.wait(1000);\ncy.get('#phoneNumber').type('+660474572889', {\n  delay: 200\n});\ncy.get('#phoneNumber').invoke('attr', 'placeholder').should('contain', 'หมายเลขโทรศัพท์');\ncy.wait(1000);\ncy.get('#login').click();\ncy.wait(1000);\ncy.get('#loginError2').should('contain', '* กรุณาใส่รหัสผ่านที่ถูกต้อง');\ncy.wait(2000);",
              "err": {
                "message": "CypressError: `cy.visit()` failed trying to load:\n\nhttp://localhost:8000/auth/login\n\nWe attempted to make an http request to this URL but the request failed without a response.\n\nWe received this error at the network level:\n\n  > Error: connect ECONNREFUSED 127.0.0.1:8000\n\nCommon situations why this would fail:\n  - you don't have internet access\n  - you forgot to run / boot your web server\n  - your web server isn't accessible\n  - you have weird network configuration settings on your computer\n\nBecause this error occurred during a `before each` hook we are skipping the remaining tests in the current suite: `Window`",
                "estack": "CypressError: `cy.visit()` failed trying to load:\n\nhttp://localhost:8000/auth/login\n\nWe attempted to make an http request to this URL but the request failed without a response.\n\nWe received this error at the network level:\n\n  > Error: connect ECONNREFUSED 127.0.0.1:8000\n\nCommon situations why this would fail:\n  - you don't have internet access\n  - you forgot to run / boot your web server\n  - your web server isn't accessible\n  - you have weird network configuration settings on your computer\n\nBecause this error occurred during a `before each` hook we are skipping the remaining tests in the current suite: `Window`\n    at http://localhost:56961/__cypress/runner/cypress_runner.js:138905:23\n    at visitFailedByErr (http://localhost:56961/__cypress/runner/cypress_runner.js:138264:12)\n    at http://localhost:56961/__cypress/runner/cypress_runner.js:138904:11\n    at tryCatcher (http://localhost:56961/__cypress/runner/cypress_runner.js:10798:23)\n    at Promise._settlePromiseFromHandler (http://localhost:56961/__cypress/runner/cypress_runner.js:8733:31)\n    at Promise._settlePromise (http://localhost:56961/__cypress/runner/cypress_runner.js:8790:18)\n    at Promise._settlePromise0 (http://localhost:56961/__cypress/runner/cypress_runner.js:8835:10)\n    at Promise._settlePromises (http://localhost:56961/__cypress/runner/cypress_runner.js:8911:18)\n    at _drainQueueStep (http://localhost:56961/__cypress/runner/cypress_runner.js:5505:12)\n    at _drainQueue (http://localhost:56961/__cypress/runner/cypress_runner.js:5498:9)\n    at Async.../../node_modules/bluebird/js/release/async.js.Async._drainQueues (http://localhost:56961/__cypress/runner/cypress_runner.js:5514:5)\n    at Async.drainQueues (http://localhost:56961/__cypress/runner/cypress_runner.js:5384:14)\nFrom Your Spec Code:\n    at Context.eval (http://localhost:56961/__cypress/tests?p=cypress/integration/login.spec.js:102:8)\n\nFrom Node.js Internals:\n  Error: connect ECONNREFUSED 127.0.0.1:8000\n      at TCPConnectWrap.afterConnect [as oncomplete] (net.js:1146:16)\n  ",
                "diff": null
              },
              "uuid": "9edd130a-9423-4f73-8457-0ddaa60d1a1e",
              "parentUUID": "17dd5c83-9e3e-4501-887a-96ffbc17817e",
              "isHook": false,
              "skipped": false
            },
            {
              "title": "ทดสอบการไม่กรอก เบอร์โทร",
              "fullTitle": "Window ทดสอบการไม่กรอก เบอร์โทร",
              "timedOut": null,
              "duration": 0,
              "state": "skipped",
              "speed": null,
              "pass": false,
              "fail": false,
              "pending": false,
              "context": null,
              "code": "cy.wait(1000);\ncy.get('#password').type('230240wewe', {\n  delay: 200\n});\ncy.get('#login').click();\ncy.get('#loginError1').should('contain', '* กรุณาใส่หมายเลขโทรศัพท์ที่ถูกต้อง');\ncy.wait(2000);",
              "err": {},
              "uuid": "d27baa96-9733-4e93-81d5-7ca508b70c2a",
              "parentUUID": "17dd5c83-9e3e-4501-887a-96ffbc17817e",
              "isHook": false,
              "skipped": true
            },
            {
              "title": "ทดสอบการไม่กรอก เบอร์โทร และ รหัสผ่าน",
              "fullTitle": "Window ทดสอบการไม่กรอก เบอร์โทร และ รหัสผ่าน",
              "timedOut": null,
              "duration": 0,
              "state": "skipped",
              "speed": null,
              "pass": false,
              "fail": false,
              "pending": false,
              "context": null,
              "code": "cy.wait(1000);\ncy.get('#login').click();\ncy.get('#loginError1').should('contain', '* กรุณาใส่หมายเลขโทรศัพท์ที่ถูกต้อง');\ncy.get('#loginError2').should('contain', '* กรุณาใส่รหัสผ่านที่ถูกต้อง');\ncy.wait(3000);",
              "err": {},
              "uuid": "16c55067-a563-43eb-963b-ac7c3b37b0c8",
              "parentUUID": "17dd5c83-9e3e-4501-887a-96ffbc17817e",
              "isHook": false,
              "skipped": true
            },
            {
              "title": "ทดสอบการกรอก รหัสผ่าน ผิด",
              "fullTitle": "Window ทดสอบการกรอก รหัสผ่าน ผิด",
              "timedOut": null,
              "duration": 0,
              "state": "skipped",
              "speed": null,
              "pass": false,
              "fail": false,
              "pending": false,
              "context": null,
              "code": "cy.wait(1000);\ncy.get('#phoneNumber').type('+660474572889', {\n  delay: 200\n});\ncy.get('#password').type('Tham1234', {\n  delay: 200\n});\ncy.get('#login').click();\ncy.get('#swal2-content').should('contain', 'Phone Number or Password is invalid');\ncy.wait(2000);\ncy.get('.swal2-confirm').should('be.visible').click();\ncy.wait(1000);",
              "err": {},
              "uuid": "f667735a-47e3-4d65-b310-ac13113d4053",
              "parentUUID": "17dd5c83-9e3e-4501-887a-96ffbc17817e",
              "isHook": false,
              "skipped": true
            },
            {
              "title": "ทดสอบการกรอก เบอร์โทร ผิด",
              "fullTitle": "Window ทดสอบการกรอก เบอร์โทร ผิด",
              "timedOut": null,
              "duration": 0,
              "state": "skipped",
              "speed": null,
              "pass": false,
              "fail": false,
              "pending": false,
              "context": null,
              "code": "cy.wait(1000);\ncy.get('#phoneNumber').type('+66047457288', {\n  delay: 200\n});\ncy.get('#password').type('Tham12345', {\n  delay: 200\n});\ncy.get('#login').click();\ncy.get('#swal2-content').should('contain', 'Invalid entry for phone number');\ncy.wait(2000);\ncy.get('.swal2-confirm').should('be.visible').click();\ncy.wait(1000);",
              "err": {},
              "uuid": "ef244286-9d82-4832-a763-1cf91eec8bf7",
              "parentUUID": "17dd5c83-9e3e-4501-887a-96ffbc17817e",
              "isHook": false,
              "skipped": true
            },
            {
              "title": "ล็อคอินสำเร็จ ทดสอบเลือกเมนู ",
              "fullTitle": "Window ล็อคอินสำเร็จ ทดสอบเลือกเมนู ",
              "timedOut": null,
              "duration": 0,
              "state": "skipped",
              "speed": null,
              "pass": false,
              "fail": false,
              "pending": false,
              "context": null,
              "code": "cy.get('#phoneNumber').type('+660474572889', {\n  delay: 200\n});\ncy.get('#password').type('Tham12345', {\n  delay: 200\n});\ncy.get('.text').contains('จดจำฉัน').click();\ncy.get('#login').click();\ncy.url().should('include', 'http://localhost:8000/dashboard');\ncy.wait(3000);\ncy.get('#actions-menu').click();\ncy.wait(2000);\ncy.get('li').eq(2).click();\ncy.url().should('include', 'http://localhost:8000/shipper-account');\ncy.wait(2000);\ncy.get('li').eq(3).click();\ncy.url().should('include', 'http://localhost:8000/jobs');\ncy.wait(2000);\ncy.get('li').eq(5).click();\ncy.url().should('include', 'http://localhost:8000/carrier-account');\ncy.wait(2000);\ncy.get('li').eq(6).click();\ncy.url().should('include', 'http://localhost:8000/trucks');\ncy.wait(2000);\ncy.get('li').eq(7).click();\ncy.url().should('include', 'http://localhost:8000/drivers');\ncy.wait(2000);\ncy.get('li').eq(8).click();\ncy.url().should('include', 'http://localhost:8000/user-management');\ncy.wait(2000);\ncy.get('li').eq(0).click();\ncy.url().should('include', 'http://localhost:8000/dashboard');\ncy.wait(2000);",
              "err": {},
              "uuid": "b86f36a8-2fed-4afe-9878-6ad16bd8d86f",
              "parentUUID": "17dd5c83-9e3e-4501-887a-96ffbc17817e",
              "isHook": false,
              "skipped": true
            }
          ],
          "suites": [],
          "passes": [],
          "failures": [
            "9edd130a-9423-4f73-8457-0ddaa60d1a1e"
          ],
          "pending": [],
          "skipped": [
            "d27baa96-9733-4e93-81d5-7ca508b70c2a",
            "16c55067-a563-43eb-963b-ac7c3b37b0c8",
            "f667735a-47e3-4d65-b310-ac13113d4053",
            "ef244286-9d82-4832-a763-1cf91eec8bf7",
            "b86f36a8-2fed-4afe-9878-6ad16bd8d86f"
          ],
          "duration": 2304,
          "root": false,
          "rootEmpty": false,
          "_timeout": 2000
        }
      ],
      "passes": [],
      "failures": [],
      "pending": [],
      "skipped": [],
      "duration": 0,
      "root": true,
      "rootEmpty": true,
      "_timeout": 2000
    }
  ],
  "meta": {
    "mocha": {
      "version": "7.0.1"
    },
    "mochawesome": {
      "options": {
        "quiet": false,
        "reportFilename": "mochawesome",
        "saveHtml": true,
        "saveJson": true,
        "consoleReporter": "spec",
        "useInlineDiffs": false,
        "code": true
      },
      "version": "6.2.1"
    },
    "marge": {
      "options": {
        "reportDir": "cypress/report/mochawesome-report",
        "overwrite": true,
        "html": true,
        "json": true,
        "timestamp": "mmddyyyy_HHMMss"
      },
      "version": "5.1.0"
    }
  }
}