{
  "stats": {
    "suites": 1,
    "tests": 1,
    "passes": 0,
    "pending": 0,
    "failures": 1,
    "start": "2021-06-23T07:25:09.280Z",
    "end": "2021-06-23T07:25:11.881Z",
    "duration": 2601,
    "testsRegistered": 1,
    "passPercent": 0,
    "pendingPercent": 0,
    "other": 0,
    "hasOther": false,
    "skipped": 0,
    "hasSkipped": false
  },
  "results": [
    {
      "uuid": "ed0b835d-0f9e-4545-aae2-adcc707bd38d",
      "title": "",
      "fullFile": "cypress/integration/trucks.spec.js",
      "file": "cypress/integration/trucks.spec.js",
      "beforeHooks": [],
      "afterHooks": [],
      "tests": [],
      "suites": [
        {
          "uuid": "8b13d086-4b55-4b93-b7b0-8f0590c54d8a",
          "title": "Window",
          "fullFile": "",
          "file": "",
          "beforeHooks": [],
          "afterHooks": [],
          "tests": [
            {
              "title": "ทดสอบหน้า เมนู Trucks",
              "fullTitle": "Window ทดสอบหน้า เมนู Trucks",
              "timedOut": null,
              "duration": 2545,
              "state": "failed",
              "speed": null,
              "pass": false,
              "fail": true,
              "pending": false,
              "context": null,
              "code": "cy.wait(1000);\ncy.get('#actions-menu').click();\ncy.wait(1000);\ncy.get('li').eq(6).click();\ncy.url().should('include', 'http://localhost:8000/trucks');\ncy.wait(2000);\ncy.get('#actions-menu').should('exist').click({\n  multiple: true\n});\ncy.wait(1000);\ncy.get('#pending').click();\ncy.wait(2000);\ncy.get('#approved').click();\ncy.wait(2000);\ncy.get('#all').click();\ncy.wait(2000);\ncy.get('#inputSearch').type('รร', {\n  delay: 300\n});\ncy.get('#search').click();\ncy.wait(2000);\ncy.get('#inputSearch').clear('รร');\ncy.get('#search').click();\ncy.wait(2000);\ncy.get('#inputSearch').type('84964', {\n  delay: 300\n});\ncy.get('#search').click();\ncy.wait(2000);\ncy.get('#inputSearch').clear('84964');\ncy.get('#search').click();\ncy.wait(2000);\ncy.get('#inputSearch').type('F55', {\n  delay: 300\n});\ncy.get('#search').click();\ncy.wait(2000);\ncy.get('#inputSearch').clear('F55');\ncy.get('#search').click();\ncy.wait(2000);\ncy.get('#inputSearch').type('ง', {\n  delay: 300\n});\ncy.get('#search').click();\ncy.wait(2000);\ncy.get('#inputSearch').clear('ง');\ncy.get('#search').click();\ncy.wait(2000);\ncy.get('#addNewTruck').click();\ncy.wait(2000);",
              "err": {
                "message": "CypressError: `cy.visit()` failed trying to load:\n\nhttp://localhost:8000/dashboard\n\nWe attempted to make an http request to this URL but the request failed without a response.\n\nWe received this error at the network level:\n\n  > Error: connect ECONNREFUSED 127.0.0.1:8000\n\nCommon situations why this would fail:\n  - you don't have internet access\n  - you forgot to run / boot your web server\n  - your web server isn't accessible\n  - you have weird network configuration settings on your computer\n\nBecause this error occurred during a `before each` hook we are skipping the remaining tests in the current suite: `Window`",
                "estack": "CypressError: `cy.visit()` failed trying to load:\n\nhttp://localhost:8000/dashboard\n\nWe attempted to make an http request to this URL but the request failed without a response.\n\nWe received this error at the network level:\n\n  > Error: connect ECONNREFUSED 127.0.0.1:8000\n\nCommon situations why this would fail:\n  - you don't have internet access\n  - you forgot to run / boot your web server\n  - your web server isn't accessible\n  - you have weird network configuration settings on your computer\n\nBecause this error occurred during a `before each` hook we are skipping the remaining tests in the current suite: `Window`\n    at http://localhost:56961/__cypress/runner/cypress_runner.js:138905:23\n    at visitFailedByErr (http://localhost:56961/__cypress/runner/cypress_runner.js:138264:12)\n    at http://localhost:56961/__cypress/runner/cypress_runner.js:138904:11\n    at tryCatcher (http://localhost:56961/__cypress/runner/cypress_runner.js:10798:23)\n    at Promise._settlePromiseFromHandler (http://localhost:56961/__cypress/runner/cypress_runner.js:8733:31)\n    at Promise._settlePromise (http://localhost:56961/__cypress/runner/cypress_runner.js:8790:18)\n    at Promise._settlePromise0 (http://localhost:56961/__cypress/runner/cypress_runner.js:8835:10)\n    at Promise._settlePromises (http://localhost:56961/__cypress/runner/cypress_runner.js:8911:18)\n    at _drainQueueStep (http://localhost:56961/__cypress/runner/cypress_runner.js:5505:12)\n    at _drainQueue (http://localhost:56961/__cypress/runner/cypress_runner.js:5498:9)\n    at Async.../../node_modules/bluebird/js/release/async.js.Async._drainQueues (http://localhost:56961/__cypress/runner/cypress_runner.js:5514:5)\n    at Async.drainQueues (http://localhost:56961/__cypress/runner/cypress_runner.js:5384:14)\nFrom Your Spec Code:\n    at Context.eval (http://localhost:56961/__cypress/tests?p=cypress/integration/trucks.spec.js:102:8)\n\nFrom Node.js Internals:\n  Error: connect ECONNREFUSED 127.0.0.1:8000\n      at TCPConnectWrap.afterConnect [as oncomplete] (net.js:1146:16)\n  ",
                "diff": null
              },
              "uuid": "1411ab62-7ba4-44cd-aaff-72a075df660e",
              "parentUUID": "8b13d086-4b55-4b93-b7b0-8f0590c54d8a",
              "isHook": false,
              "skipped": false
            }
          ],
          "suites": [],
          "passes": [],
          "failures": [
            "1411ab62-7ba4-44cd-aaff-72a075df660e"
          ],
          "pending": [],
          "skipped": [],
          "duration": 2545,
          "root": false,
          "rootEmpty": false,
          "_timeout": 2000
        }
      ],
      "passes": [],
      "failures": [],
      "pending": [],
      "skipped": [],
      "duration": 0,
      "root": true,
      "rootEmpty": true,
      "_timeout": 2000
    }
  ],
  "meta": {
    "mocha": {
      "version": "7.0.1"
    },
    "mochawesome": {
      "options": {
        "quiet": false,
        "reportFilename": "mochawesome",
        "saveHtml": true,
        "saveJson": true,
        "consoleReporter": "spec",
        "useInlineDiffs": false,
        "code": true
      },
      "version": "6.2.1"
    },
    "marge": {
      "options": {
        "reportDir": "cypress/report/mochawesome-report",
        "overwrite": true,
        "html": true,
        "json": true,
        "timestamp": "mmddyyyy_HHMMss"
      },
      "version": "5.1.0"
    }
  }
}