{
  "stats": {
    "suites": 1,
    "tests": 1,
    "passes": 0,
    "pending": 0,
    "failures": 1,
    "start": "2021-06-23T07:22:00.831Z",
    "end": "2021-06-23T07:22:03.533Z",
    "duration": 2702,
    "testsRegistered": 1,
    "passPercent": 0,
    "pendingPercent": 0,
    "other": 0,
    "hasOther": false,
    "skipped": 0,
    "hasSkipped": false
  },
  "results": [
    {
      "uuid": "d30ce85f-03d2-4d2b-9d1d-9c76d5291d81",
      "title": "",
      "fullFile": "cypress/integration/addJob.spec.js",
      "file": "cypress/integration/addJob.spec.js",
      "beforeHooks": [],
      "afterHooks": [],
      "tests": [],
      "suites": [
        {
          "uuid": "7f717dcd-1399-407e-bac5-65bc045de0ec",
          "title": "Window",
          "fullFile": "",
          "file": "",
          "beforeHooks": [],
          "afterHooks": [],
          "tests": [
            {
              "title": "ล็อคอินสำเร็จ",
              "fullTitle": "Window ล็อคอินสำเร็จ",
              "timedOut": null,
              "duration": 2596,
              "state": "failed",
              "speed": null,
              "pass": false,
              "fail": true,
              "pending": false,
              "context": null,
              "code": "cy.get('[style=\"margin-bottom: 2rem;\"] > input').type('+660906083287', {\n  delay: 200\n});\ncy.get('[style=\"margin-bottom: 2rem; margin-top: 0px;\"] > input').type('123456aA', {\n  delay: 200\n});\ncy.get('.sc-bkbjAj').click();\ncy.url().should('include', 'http://localhost:8000/dashboard');\ncy.wait(3000);\ncy.get('.Header__HeaderStyle-hhdliK > :nth-child(1) > .sc-kEqYlL > :nth-child(1)').click();\ncy.wait(2000);\ncy.get(':nth-child(2) > .menu-items > :nth-child(2) > a').click();\ncy.url().should('include', 'http://localhost:8000/jobs');\ncy.wait(2000);\ncy.get('.Header__HeaderStyle-hhdliK > :nth-child(1) > .sc-kEqYlL > :nth-child(1)').should('exist').click({\n  multiple: true\n});\ncy.wait(2000);\ncy.get('.sc-efHXLn > .sc-bkbjAj').click();\ncy.wait(2000);\ncy.get('[name=\"items[0].contactMobileNo\"]').type('+660474572889', {\n  delay: 200\n});",
              "err": {
                "message": "CypressError: `cy.visit()` failed trying to load:\n\nhttp://localhost:8000/auth/login\n\nWe attempted to make an http request to this URL but the request failed without a response.\n\nWe received this error at the network level:\n\n  > Error: connect ECONNREFUSED 127.0.0.1:8000\n\nCommon situations why this would fail:\n  - you don't have internet access\n  - you forgot to run / boot your web server\n  - your web server isn't accessible\n  - you have weird network configuration settings on your computer\n\nBecause this error occurred during a `before each` hook we are skipping the remaining tests in the current suite: `Window`",
                "estack": "CypressError: `cy.visit()` failed trying to load:\n\nhttp://localhost:8000/auth/login\n\nWe attempted to make an http request to this URL but the request failed without a response.\n\nWe received this error at the network level:\n\n  > Error: connect ECONNREFUSED 127.0.0.1:8000\n\nCommon situations why this would fail:\n  - you don't have internet access\n  - you forgot to run / boot your web server\n  - your web server isn't accessible\n  - you have weird network configuration settings on your computer\n\nBecause this error occurred during a `before each` hook we are skipping the remaining tests in the current suite: `Window`\n    at http://localhost:56961/__cypress/runner/cypress_runner.js:138905:23\n    at visitFailedByErr (http://localhost:56961/__cypress/runner/cypress_runner.js:138264:12)\n    at http://localhost:56961/__cypress/runner/cypress_runner.js:138904:11\n    at tryCatcher (http://localhost:56961/__cypress/runner/cypress_runner.js:10798:23)\n    at Promise._settlePromiseFromHandler (http://localhost:56961/__cypress/runner/cypress_runner.js:8733:31)\n    at Promise._settlePromise (http://localhost:56961/__cypress/runner/cypress_runner.js:8790:18)\n    at Promise._settlePromise0 (http://localhost:56961/__cypress/runner/cypress_runner.js:8835:10)\n    at Promise._settlePromises (http://localhost:56961/__cypress/runner/cypress_runner.js:8911:18)\n    at _drainQueueStep (http://localhost:56961/__cypress/runner/cypress_runner.js:5505:12)\n    at _drainQueue (http://localhost:56961/__cypress/runner/cypress_runner.js:5498:9)\n    at Async.../../node_modules/bluebird/js/release/async.js.Async._drainQueues (http://localhost:56961/__cypress/runner/cypress_runner.js:5514:5)\n    at Async.drainQueues (http://localhost:56961/__cypress/runner/cypress_runner.js:5384:14)\nFrom Your Spec Code:\n    at Context.eval (http://localhost:56961/__cypress/tests?p=cypress/integration/addJob.spec.js:102:8)\n\nFrom Node.js Internals:\n  Error: connect ECONNREFUSED 127.0.0.1:8000\n      at TCPConnectWrap.afterConnect [as oncomplete] (net.js:1146:16)\n  ",
                "diff": null
              },
              "uuid": "bcc30064-6f86-4828-bf6b-fa856ecd5466",
              "parentUUID": "7f717dcd-1399-407e-bac5-65bc045de0ec",
              "isHook": false,
              "skipped": false
            }
          ],
          "suites": [],
          "passes": [],
          "failures": [
            "bcc30064-6f86-4828-bf6b-fa856ecd5466"
          ],
          "pending": [],
          "skipped": [],
          "duration": 2596,
          "root": false,
          "rootEmpty": false,
          "_timeout": 2000
        }
      ],
      "passes": [],
      "failures": [],
      "pending": [],
      "skipped": [],
      "duration": 0,
      "root": true,
      "rootEmpty": true,
      "_timeout": 2000
    }
  ],
  "meta": {
    "mocha": {
      "version": "7.0.1"
    },
    "mochawesome": {
      "options": {
        "quiet": false,
        "reportFilename": "mochawesome",
        "saveHtml": true,
        "saveJson": true,
        "consoleReporter": "spec",
        "useInlineDiffs": false,
        "code": true
      },
      "version": "6.2.1"
    },
    "marge": {
      "options": {
        "reportDir": "cypress/report/mochawesome-report",
        "overwrite": true,
        "html": true,
        "json": true,
        "timestamp": "mmddyyyy_HHMMss"
      },
      "version": "5.1.0"
    }
  }
}