{
  "stats": {
    "suites": 1,
    "tests": 1,
    "passes": 1,
    "pending": 0,
    "failures": 0,
    "start": "2020-12-25T08:49:05.050Z",
    "end": "2020-12-25T08:49:40.989Z",
    "duration": 35939,
    "testsRegistered": 1,
    "passPercent": 100,
    "pendingPercent": 0,
    "other": 0,
    "hasOther": false,
    "skipped": 0,
    "hasSkipped": false
  },
  "results": [
    {
      "uuid": "06889883-52b0-4f0d-a56a-38f7f047e0cc",
      "title": "",
      "fullFile": "cypress\\integration\\Management.spec.js",
      "file": "cypress\\integration\\Management.spec.js",
      "beforeHooks": [],
      "afterHooks": [],
      "tests": [],
      "suites": [
        {
          "uuid": "738c3e3f-3957-41ca-9e19-884c161ef67b",
          "title": "Window",
          "fullFile": "",
          "file": "",
          "beforeHooks": [],
          "afterHooks": [],
          "tests": [
            {
              "title": "ทดสอบหน้า เมนู User Management",
              "fullTitle": "Window ทดสอบหน้า เมนู User Management",
              "timedOut": null,
              "duration": 34442,
              "state": "passed",
              "speed": "slow",
              "pass": true,
              "fail": false,
              "pending": false,
              "context": null,
              "code": "cy.wait(1000);\ncy.get('.header__HeaderStyle-dHeagC > :nth-child(1) > .sc-kEqYlL > :nth-child(1)').click();\ncy.wait(1000);\ncy.get(':nth-child(4) > a').click();\ncy.wait(2000);\ncy.get('body').click({\n  force: true\n});\ncy.wait(1000);\ncy.get('.sc-dIvqjp > input').type('docu', {\n  delay: 300\n});\ncy.get('[style=\"display: flex; align-items: center;\"] > .sc-bkbjAj').click();\ncy.wait(2000);\ncy.get('.sc-dIvqjp > input').clear('docu');\ncy.get('[style=\"display: flex; align-items: center;\"] > .sc-bkbjAj').click();\ncy.wait(2000);\ncy.get('.sc-dIvqjp > input').type('0000', {\n  delay: 300\n});\ncy.get('[style=\"display: flex; align-items: center;\"] > .sc-bkbjAj').click();\ncy.wait(2000);\ncy.get('.sc-dIvqjp > input').clear('0000');\ncy.get('[style=\"display: flex; align-items: center;\"] > .sc-bkbjAj').click();\ncy.wait(2000);\ncy.get('.sc-dIvqjp > input').type('a', {\n  delay: 300\n});\ncy.get('[style=\"display: flex; align-items: center;\"] > .sc-bkbjAj').click();\ncy.wait(2000);\ncy.get('.sc-dIvqjp > input').clear('w');\ncy.get('[style=\"display: flex; align-items: center;\"] > .sc-bkbjAj').click();\ncy.wait(2000);\ncy.get('[page=\"1\"]').click();\ncy.wait(2000);\ncy.get('[page=\"2\"]').click();\ncy.wait(2000);\ncy.get('[page=\"3\"]').click();\ncy.wait(2000);\ncy.get('[page=\"1\"]').click();\ncy.wait(2000);",
              "err": {},
              "uuid": "f67902ad-489d-4b87-ad1f-fa219a71914c",
              "parentUUID": "738c3e3f-3957-41ca-9e19-884c161ef67b",
              "isHook": false,
              "skipped": false
            }
          ],
          "suites": [],
          "passes": [
            "f67902ad-489d-4b87-ad1f-fa219a71914c"
          ],
          "failures": [],
          "pending": [],
          "skipped": [],
          "duration": 34442,
          "root": false,
          "rootEmpty": false,
          "_timeout": 2000
        }
      ],
      "passes": [],
      "failures": [],
      "pending": [],
      "skipped": [],
      "duration": 0,
      "root": true,
      "rootEmpty": true,
      "_timeout": 2000
    }
  ],
  "meta": {
    "mocha": {
      "version": "7.0.1"
    },
    "mochawesome": {
      "options": {
        "quiet": false,
        "reportFilename": "mochawesome",
        "saveHtml": true,
        "saveJson": true,
        "consoleReporter": "spec",
        "useInlineDiffs": false,
        "code": true
      },
      "version": "6.2.1"
    },
    "marge": {
      "options": {
        "reportDir": "cypress/report/mochawesome-report",
        "overwrite": true,
        "html": true,
        "json": true,
        "timestamp": "mmddyyyy_HHMMss"
      },
      "version": "5.1.0"
    }
  }
}